# JRE version: OpenJDK Runtime Environment JBR-17.0.5+1-653.25-jcef (17.0.5+1) (build 17.0.5+1-b653.25)
# Java VM: OpenJDK 64-Bit Server VM JBR-17.0.5+1-653.25-jcef (17.0.5+1-b653.25, mixed mode, tiered, compressed oops, compressed class ptrs, g1 gc, bsd-amd64)
GC Precious Log:
 CPUs: 12 total, 12 available
 Memory: 16384M
 Large Page Support: Disabled
 NUMA Support: Disabled
 Compressed Oops: Enabled (Zero based)
 Heap Region Size: 1M
 Heap Min Capacity: 128M
 Heap Initial Capacity: 128M
 Heap Max Capacity: 2G
 Pre-touch: Disabled
 Parallel Workers: 10
 Concurrent Workers: 3
 Concurrent Refinement Workers: 10
 Periodic GC: Disabled
Heap:
 garbage-first heap   total 397312K, used 157417K [0x0000000780000000, 0x0000000800000000)
  region size 1024K, 12 young (12288K), 9 survivors (9216K)
 Metaspace       used 154893K, committed 156352K, reserved 1187840K
  class space    used 19133K, committed 19776K, reserved 1048576K
GC Heap History (20 events):
Event: 1.178 GC heap before
{Heap before GC invocations=7 (full 0):
 garbage-first heap   total 131072K, used 71561K [0x0000000780000000, 0x0000000800000000)
  region size 1024K, 24 young (24576K), 1 survivors (1024K)
 Metaspace       used 53922K, committed 54528K, reserved 1097728K
  class space    used 6129K, committed 6400K, reserved 1048576K
}
Event: 1.182 GC heap after
{Heap after GC invocations=8 (full 0):
 garbage-first heap   total 262144K, used 54597K [0x0000000780000000, 0x0000000800000000)
  region size 1024K, 5 young (5120K), 5 survivors (5120K)
 Metaspace       used 53922K, committed 54528K, reserved 1097728K
  class space    used 6129K, committed 6400K, reserved 1048576K
}
Event: 1.768 GC heap before
{Heap before GC invocations=9 (full 0):
 garbage-first heap   total 198656K, used 135493K [0x0000000780000000, 0x0000000800000000)
  region size 1024K, 49 young (50176K), 5 survivors (5120K)
 Metaspace       used 63051K, committed 63744K, reserved 1105920K
  class space    used 7241K, committed 7552K, reserved 1048576K
}
Event: 1.776 GC heap after
{Heap after GC invocations=10 (full 0):
 garbage-first heap   total 198656K, used 73708K [0x0000000780000000, 0x0000000800000000)
  region size 1024K, 13 young (13312K), 13 survivors (13312K)
 Metaspace       used 63051K, committed 63744K, reserved 1105920K
  class space    used 7241K, committed 7552K, reserved 1048576K
}
Event: 2.117 GC heap before
{Heap before GC invocations=10 (full 0):
 garbage-first heap   total 198656K, used 146412K [0x0000000780000000, 0x0000000800000000)
  region size 1024K, 69 young (70656K), 13 survivors (13312K)
 Metaspace       used 81918K, committed 82944K, reserved 1122304K
  class space    used 9439K, committed 9856K, reserved 1048576K
}
Event: 2.127 GC heap after
{Heap after GC invocations=11 (full 0):
 garbage-first heap   total 198656K, used 80197K [0x0000000780000000, 0x0000000800000000)
  region size 1024K, 9 young (9216K), 9 survivors (9216K)
 Metaspace       used 81918K, committed 82944K, reserved 1122304K
  class space    used 9439K, committed 9856K, reserved 1048576K
}
Event: 2.263 GC heap before
{Heap before GC invocations=11 (full 0):
 garbage-first heap   total 198656K, used 106821K [0x0000000780000000, 0x0000000800000000)
  region size 1024K, 37 young (37888K), 9 survivors (9216K)
 Metaspace       used 90854K, committed 91968K, reserved 1130496K
  class space    used 10612K, committed 11136K, reserved 1048576K
}
Event: 2.270 GC heap after
{Heap after GC invocations=12 (full 0):
 garbage-first heap   total 198656K, used 88389K [0x0000000780000000, 0x0000000800000000)
  region size 1024K, 8 young (8192K), 8 survivors (8192K)
 Metaspace       used 90854K, committed 91968K, reserved 1130496K
  class space    used 10612K, committed 11136K, reserved 1048576K
}
Event: 2.701 GC heap before
{Heap before GC invocations=13 (full 0):
 garbage-first heap   total 198656K, used 138565K [0x0000000780000000, 0x0000000800000000)
  region size 1024K, 58 young (59392K), 8 survivors (8192K)
 Metaspace       used 111481K, committed 112640K, reserved 1155072K
  class space    used 13513K, committed 14016K, reserved 1048576K
}
Event: 2.708 GC heap after
{Heap after GC invocations=14 (full 0):
 garbage-first heap   total 198656K, used 94533K [0x0000000780000000, 0x0000000800000000)
  region size 1024K, 8 young (8192K), 8 survivors (8192K)
 Metaspace       used 111481K, committed 112640K, reserved 1155072K
  class space    used 13513K, committed 14016K, reserved 1048576K
}
Event: 2.713 GC heap before
{Heap before GC invocations=14 (full 0):
 garbage-first heap   total 198656K, used 95557K [0x0000000780000000, 0x0000000800000000)
  region size 1024K, 9 young (9216K), 8 survivors (8192K)
 Metaspace       used 111680K, committed 112896K, reserved 1155072K
  class space    used 13536K, committed 14080K, reserved 1048576K
}
Event: 2.718 GC heap after
{Heap after GC invocations=15 (full 0):
 garbage-first heap   total 198656K, used 95781K [0x0000000780000000, 0x0000000800000000)
  region size 1024K, 2 young (2048K), 2 survivors (2048K)
 Metaspace       used 111680K, committed 112896K, reserved 1155072K
  class space    used 13536K, committed 14080K, reserved 1048576K
}
Event: 2.743 GC heap before
{Heap before GC invocations=15 (full 0):
 garbage-first heap   total 198656K, used 100901K [0x0000000780000000, 0x0000000800000000)
  region size 1024K, 9 young (9216K), 2 survivors (2048K)
 Metaspace       used 112522K, committed 113664K, reserved 1155072K
  class space    used 13664K, committed 14144K, reserved 1048576K
}
Event: 2.746 GC heap after
{Heap after GC invocations=16 (full 0):
 garbage-first heap   total 397312K, used 97257K [0x0000000780000000, 0x0000000800000000)
  region size 1024K, 3 young (3072K), 3 survivors (3072K)
 Metaspace       used 112522K, committed 113664K, reserved 1155072K
  class space    used 13664K, committed 14144K, reserved 1048576K
}
Event: 3.485 GC heap before
{Heap before GC invocations=16 (full 0):
 garbage-first heap   total 397312K, used 267241K [0x0000000780000000, 0x0000000800000000)
  region size 1024K, 166 young (169984K), 3 survivors (3072K)
 Metaspace       used 133320K, committed 134656K, reserved 1171456K
  class space    used 16449K, committed 17024K, reserved 1048576K
}
Event: 3.497 GC heap after
{Heap after GC invocations=17 (full 0):
 garbage-first heap   total 397312K, used 116608K [0x0000000780000000, 0x0000000800000000)
  region size 1024K, 21 young (21504K), 21 survivors (21504K)
 Metaspace       used 133320K, committed 134656K, reserved 1171456K
  class space    used 16449K, committed 17024K, reserved 1048576K
}
Event: 4.362 GC heap before
{Heap before GC invocations=17 (full 0):
 garbage-first heap   total 397312K, used 305024K [0x0000000780000000, 0x0000000800000000)
  region size 1024K, 179 young (183296K), 21 survivors (21504K)
 Metaspace       used 144096K, committed 145472K, reserved 1179648K
  class space    used 17841K, committed 18432K, reserved 1048576K
}
Event: 4.377 GC heap after
{Heap after GC invocations=18 (full 0):
 garbage-first heap   total 397312K, used 150676K [0x0000000780000000, 0x0000000800000000)
  region size 1024K, 22 young (22528K), 22 survivors (22528K)
 Metaspace       used 144096K, committed 145472K, reserved 1179648K
  class space    used 17841K, committed 18432K, reserved 1048576K
}
Event: 10.434 GC heap before
{Heap before GC invocations=18 (full 0):
 garbage-first heap   total 397312K, used 198804K [0x0000000780000000, 0x0000000800000000)
  region size 1024K, 71 young (72704K), 22 survivors (22528K)
 Metaspace       used 154665K, committed 156096K, reserved 1187840K
  class space    used 19085K, committed 19712K, reserved 1048576K
}
Event: 10.447 GC heap after
{Heap after GC invocations=19 (full 0):
 garbage-first heap   total 397312K, used 155369K [0x0000000780000000, 0x0000000800000000)
  region size 1024K, 9 young (9216K), 9 survivors (9216K)
 Metaspace       used 154665K, committed 156096K, reserved 1187840K
  class space    used 19085K, committed 19712K, reserved 1048576K
}

